<?xml version="1.0" encoding="UTF-8"?>
<!-- Generated by org.testng.reporters.JUnitReportReporter -->
<testsuite skipped="0" hostname="LAPTOP-UUFTU99L" name="demo.Test1" tests="1" failures="0" timestamp="12 oct. 2020 13:40:39 GMT" time="12.650" errors="0">
  <testcase name="test1" time="12.650" classname="demo.Test1"/>
</testsuite> <!-- demo.Test1 -->
