<?xml version="1.0" encoding="UTF-8"?>
<!-- Generated by org.testng.reporters.JUnitReportReporter -->
<testsuite skipped="0" hostname="LAPTOP-UUFTU99L" name="demo.TestNGParametersDemo" tests="1" failures="0" timestamp="12 oct. 2020 11:34:49 GMT" time="0.015" errors="0">
  <testcase name="test" time="0.015" classname="demo.TestNGParametersDemo"/>
</testsuite> <!-- demo.TestNGParametersDemo -->
