<?xml version="1.0" encoding="UTF-8"?>
<!-- Generated by org.testng.reporters.JUnitReportReporter -->
<testsuite skipped="0" hostname="LAPTOP-UUFTU99L" name="utils.ExcelDataProvider" tests="3" failures="0" timestamp="08 oct. 2020 12:31:06 GMT" time="10.517" errors="0">
  <testcase name="test1" time="2.756" classname="utils.ExcelDataProvider"/>
  <testcase name="test1" time="5.307" classname="utils.ExcelDataProvider"/>
  <testcase name="test1" time="2.454" classname="utils.ExcelDataProvider"/>
</testsuite> <!-- utils.ExcelDataProvider -->
