<?xml version="1.0" encoding="UTF-8"?>
<!-- Generated by org.testng.reporters.JUnitReportReporter -->
<testsuite skipped="0" hostname="LAPTOP-UUFTU99L" name="demo.TestNGPriorityDemo" tests="3" failures="0" timestamp="12 oct. 2020 10:00:40 GMT" time="0.024" errors="0">
  <testcase name="one" time="0.020" classname="demo.TestNGPriorityDemo"/>
  <testcase name="two" time="0.002" classname="demo.TestNGPriorityDemo"/>
  <testcase name="three" time="0.002" classname="demo.TestNGPriorityDemo"/>
</testsuite> <!-- demo.TestNGPriorityDemo -->
