<?xml version="1.0" encoding="UTF-8"?>
<!-- Generated by org.testng.reporters.JUnitReportReporter -->
<testsuite skipped="1" hostname="LAPTOP-UUFTU99L" name="demo.TestNGIgnoreDemo" tests="2" failures="0" timestamp="12 oct. 2020 12:36:32 GMT" time="0.035" errors="0">
  <testcase name="test2" time="0.035" classname="demo.TestNGIgnoreDemo"/>
  <testcase name="test1" classname="demo.TestNGIgnoreDemo">
    <skipped/>
  </testcase> <!-- test1 -->
</testsuite> <!-- demo.TestNGIgnoreDemo -->
